<?xml version="1.0" encoding="utf-8" ?>
<!DOCTYPE html PUBLIC "-//W3C//DTD XHTML 1.0 Strict//EN"
        "http://www.w3.org/TR/xhtml1/DTD/xhtml1-strict.dtd">
<html xmlns="http://www.w3.org/1999/xhtml" xml:lang="" lang="">
<head>
  <title>Test Results Report - Regression Test</title>
  <meta http-equiv="Content-Type" content="text/html;charset=utf-8" />
  <meta name="description" content="TestNG unit test results." />
  <link href="reportng.css" rel="stylesheet" type="text/css" />
    <script type="text/javascript" src="reportng.js"></script>
</head>
<body>
<h1>Regression Test</h1>
<p>
  Test duration: 48.685s
</p>



  <table class="resultsTable">
    <tr><th colspan="3" class="header failed">Failed Tests</th></tr>
          <tr>
        <td colspan="3" class="group">com.tutorialsninja.testsuite.AccountLoginPageTest</td>
      </tr>
            
<tr>
  <td class="method">
                  verifyThatUserShouldLoginAndLogoutSuccessfully
      </td>
  <td class="duration">
    0.019s
  </td>
  <td class="result">
        
    
        

        <a href="javascript:toggleElement('exception-0', 'block')" title="Click to expand/collapse"><b>java.lang.NullPointerException</b></a><br />
    <div class="stackTrace" id="exception-0">
              com.tutorialsninja.utility.Utility.clickOnElement(Utility.java:50)<br />
              com.tutorialsninja.pages.HomePage.clickOnMyQAccountTab(HomePage.java:100)<br />
              com.tutorialsninja.testsuite.AccountLoginPageTest.verifyThatUserShouldLoginAndLogoutSuccessfully(AccountLoginPageTest.java:37)<br />
              sun.reflect.NativeMethodAccessorImpl.invoke0(Native Method)<br />
              sun.reflect.NativeMethodAccessorImpl.invoke(NativeMethodAccessorImpl.java:62)<br />
              sun.reflect.DelegatingMethodAccessorImpl.invoke(DelegatingMethodAccessorImpl.java:43)<br />
              java.lang.reflect.Method.invoke(Method.java:498)<br />
              org.testng.internal.invokers.MethodInvocationHelper.invokeMethod(MethodInvocationHelper.java:135)<br />
              org.testng.internal.invokers.TestInvoker.invokeMethod(TestInvoker.java:673)<br />
              org.testng.internal.invokers.TestInvoker.invokeTestMethod(TestInvoker.java:220)<br />
              org.testng.internal.invokers.MethodRunner.runInSequence(MethodRunner.java:50)<br />
              org.testng.internal.invokers.TestInvoker$MethodInvocationAgent.invoke(TestInvoker.java:945)<br />
              org.testng.internal.invokers.TestInvoker.invokeTestMethods(TestInvoker.java:193)<br />
              org.testng.internal.invokers.TestMethodWorker.invokeTestMethods(TestMethodWorker.java:146)<br />
              org.testng.internal.invokers.TestMethodWorker.run(TestMethodWorker.java:128)<br />
              java.util.ArrayList.forEach(ArrayList.java:1257)<br />
              org.testng.TestRunner.privateRun(TestRunner.java:808)<br />
              org.testng.TestRunner.run(TestRunner.java:603)<br />
              org.testng.SuiteRunner.runTest(SuiteRunner.java:429)<br />
              org.testng.SuiteRunner.runSequentially(SuiteRunner.java:423)<br />
              org.testng.SuiteRunner.privateRun(SuiteRunner.java:383)<br />
              org.testng.SuiteRunner.run(SuiteRunner.java:326)<br />
              org.testng.SuiteRunnerWorker.runSuite(SuiteRunnerWorker.java:52)<br />
              org.testng.SuiteRunnerWorker.run(SuiteRunnerWorker.java:95)<br />
              org.testng.TestNG.runSuitesSequentially(TestNG.java:1249)<br />
              org.testng.TestNG.runSuitesLocally(TestNG.java:1169)<br />
              org.testng.TestNG.runSuites(TestNG.java:1092)<br />
              org.testng.TestNG.run(TestNG.java:1060)<br />
              com.intellij.rt.testng.IDEARemoteTestNG.run(IDEARemoteTestNG.java:66)<br />
              com.intellij.rt.testng.RemoteTestNGStarter.main(RemoteTestNGStarter.java:109)<br />
                </div>
      </td>
</tr>
<tr>
  <td class="method">
                  verifyUserShouldNavigateToLoginPageSuccessfully
      </td>
  <td class="duration">
    0.000s
  </td>
  <td class="result">
        
    
        

        <a href="javascript:toggleElement('exception-1', 'block')" title="Click to expand/collapse"><b>java.lang.NullPointerException</b></a><br />
    <div class="stackTrace" id="exception-1">
              com.tutorialsninja.utility.Utility.clickOnElement(Utility.java:50)<br />
              com.tutorialsninja.pages.HomePage.clickOnMyQAccountTab(HomePage.java:100)<br />
              com.tutorialsninja.testsuite.AccountLoginPageTest.verifyUserShouldNavigateToLoginPageSuccessfully(AccountLoginPageTest.java:29)<br />
              sun.reflect.NativeMethodAccessorImpl.invoke0(Native Method)<br />
              sun.reflect.NativeMethodAccessorImpl.invoke(NativeMethodAccessorImpl.java:62)<br />
              sun.reflect.DelegatingMethodAccessorImpl.invoke(DelegatingMethodAccessorImpl.java:43)<br />
              java.lang.reflect.Method.invoke(Method.java:498)<br />
              org.testng.internal.invokers.MethodInvocationHelper.invokeMethod(MethodInvocationHelper.java:135)<br />
              org.testng.internal.invokers.TestInvoker.invokeMethod(TestInvoker.java:673)<br />
              org.testng.internal.invokers.TestInvoker.invokeTestMethod(TestInvoker.java:220)<br />
              org.testng.internal.invokers.MethodRunner.runInSequence(MethodRunner.java:50)<br />
              org.testng.internal.invokers.TestInvoker$MethodInvocationAgent.invoke(TestInvoker.java:945)<br />
              org.testng.internal.invokers.TestInvoker.invokeTestMethods(TestInvoker.java:193)<br />
              org.testng.internal.invokers.TestMethodWorker.invokeTestMethods(TestMethodWorker.java:146)<br />
              org.testng.internal.invokers.TestMethodWorker.run(TestMethodWorker.java:128)<br />
              java.util.ArrayList.forEach(ArrayList.java:1257)<br />
              org.testng.TestRunner.privateRun(TestRunner.java:808)<br />
              org.testng.TestRunner.run(TestRunner.java:603)<br />
              org.testng.SuiteRunner.runTest(SuiteRunner.java:429)<br />
              org.testng.SuiteRunner.runSequentially(SuiteRunner.java:423)<br />
              org.testng.SuiteRunner.privateRun(SuiteRunner.java:383)<br />
              org.testng.SuiteRunner.run(SuiteRunner.java:326)<br />
              org.testng.SuiteRunnerWorker.runSuite(SuiteRunnerWorker.java:52)<br />
              org.testng.SuiteRunnerWorker.run(SuiteRunnerWorker.java:95)<br />
              org.testng.TestNG.runSuitesSequentially(TestNG.java:1249)<br />
              org.testng.TestNG.runSuitesLocally(TestNG.java:1169)<br />
              org.testng.TestNG.runSuites(TestNG.java:1092)<br />
              org.testng.TestNG.run(TestNG.java:1060)<br />
              com.intellij.rt.testng.IDEARemoteTestNG.run(IDEARemoteTestNG.java:66)<br />
              com.intellij.rt.testng.RemoteTestNGStarter.main(RemoteTestNGStarter.java:109)<br />
                </div>
      </td>
</tr>
          <tr>
        <td colspan="3" class="group">com.tutorialsninja.testsuite.AccountRegisterPageTest</td>
      </tr>
            
<tr>
  <td class="method">
                  verifyThatUserShouldLoginAndLogoutSuccessfully
      </td>
  <td class="duration">
    0.000s
  </td>
  <td class="result">
        
    
        

        <a href="javascript:toggleElement('exception-2', 'block')" title="Click to expand/collapse"><b>java.lang.NullPointerException</b></a><br />
    <div class="stackTrace" id="exception-2">
              com.tutorialsninja.utility.Utility.clickOnElement(Utility.java:50)<br />
              com.tutorialsninja.pages.HomePage.clickOnMyQAccountTab(HomePage.java:100)<br />
              com.tutorialsninja.testsuite.AccountRegisterPageTest.verifyThatUserShouldLoginAndLogoutSuccessfully(AccountRegisterPageTest.java:35)<br />
              sun.reflect.NativeMethodAccessorImpl.invoke0(Native Method)<br />
              sun.reflect.NativeMethodAccessorImpl.invoke(NativeMethodAccessorImpl.java:62)<br />
              sun.reflect.DelegatingMethodAccessorImpl.invoke(DelegatingMethodAccessorImpl.java:43)<br />
              java.lang.reflect.Method.invoke(Method.java:498)<br />
              org.testng.internal.invokers.MethodInvocationHelper.invokeMethod(MethodInvocationHelper.java:135)<br />
              org.testng.internal.invokers.TestInvoker.invokeMethod(TestInvoker.java:673)<br />
              org.testng.internal.invokers.TestInvoker.invokeTestMethod(TestInvoker.java:220)<br />
              org.testng.internal.invokers.MethodRunner.runInSequence(MethodRunner.java:50)<br />
              org.testng.internal.invokers.TestInvoker$MethodInvocationAgent.invoke(TestInvoker.java:945)<br />
              org.testng.internal.invokers.TestInvoker.invokeTestMethods(TestInvoker.java:193)<br />
              org.testng.internal.invokers.TestMethodWorker.invokeTestMethods(TestMethodWorker.java:146)<br />
              org.testng.internal.invokers.TestMethodWorker.run(TestMethodWorker.java:128)<br />
              java.util.ArrayList.forEach(ArrayList.java:1257)<br />
              org.testng.TestRunner.privateRun(TestRunner.java:808)<br />
              org.testng.TestRunner.run(TestRunner.java:603)<br />
              org.testng.SuiteRunner.runTest(SuiteRunner.java:429)<br />
              org.testng.SuiteRunner.runSequentially(SuiteRunner.java:423)<br />
              org.testng.SuiteRunner.privateRun(SuiteRunner.java:383)<br />
              org.testng.SuiteRunner.run(SuiteRunner.java:326)<br />
              org.testng.SuiteRunnerWorker.runSuite(SuiteRunnerWorker.java:52)<br />
              org.testng.SuiteRunnerWorker.run(SuiteRunnerWorker.java:95)<br />
              org.testng.TestNG.runSuitesSequentially(TestNG.java:1249)<br />
              org.testng.TestNG.runSuitesLocally(TestNG.java:1169)<br />
              org.testng.TestNG.runSuites(TestNG.java:1092)<br />
              org.testng.TestNG.run(TestNG.java:1060)<br />
              com.intellij.rt.testng.IDEARemoteTestNG.run(IDEARemoteTestNG.java:66)<br />
              com.intellij.rt.testng.RemoteTestNGStarter.main(RemoteTestNGStarter.java:109)<br />
                </div>
      </td>
</tr>
<tr>
  <td class="method">
                  verifyUserShouldNavigateToLoginPageSuccessfully
      </td>
  <td class="duration">
    0.001s
  </td>
  <td class="result">
        
    
        

        <a href="javascript:toggleElement('exception-3', 'block')" title="Click to expand/collapse"><b>java.lang.NullPointerException</b></a><br />
    <div class="stackTrace" id="exception-3">
              com.tutorialsninja.utility.Utility.clickOnElement(Utility.java:50)<br />
              com.tutorialsninja.pages.HomePage.clickOnMyQAccountTab(HomePage.java:100)<br />
              com.tutorialsninja.testsuite.AccountRegisterPageTest.verifyUserShouldNavigateToLoginPageSuccessfully(AccountRegisterPageTest.java:27)<br />
              sun.reflect.NativeMethodAccessorImpl.invoke0(Native Method)<br />
              sun.reflect.NativeMethodAccessorImpl.invoke(NativeMethodAccessorImpl.java:62)<br />
              sun.reflect.DelegatingMethodAccessorImpl.invoke(DelegatingMethodAccessorImpl.java:43)<br />
              java.lang.reflect.Method.invoke(Method.java:498)<br />
              org.testng.internal.invokers.MethodInvocationHelper.invokeMethod(MethodInvocationHelper.java:135)<br />
              org.testng.internal.invokers.TestInvoker.invokeMethod(TestInvoker.java:673)<br />
              org.testng.internal.invokers.TestInvoker.invokeTestMethod(TestInvoker.java:220)<br />
              org.testng.internal.invokers.MethodRunner.runInSequence(MethodRunner.java:50)<br />
              org.testng.internal.invokers.TestInvoker$MethodInvocationAgent.invoke(TestInvoker.java:945)<br />
              org.testng.internal.invokers.TestInvoker.invokeTestMethods(TestInvoker.java:193)<br />
              org.testng.internal.invokers.TestMethodWorker.invokeTestMethods(TestMethodWorker.java:146)<br />
              org.testng.internal.invokers.TestMethodWorker.run(TestMethodWorker.java:128)<br />
              java.util.ArrayList.forEach(ArrayList.java:1257)<br />
              org.testng.TestRunner.privateRun(TestRunner.java:808)<br />
              org.testng.TestRunner.run(TestRunner.java:603)<br />
              org.testng.SuiteRunner.runTest(SuiteRunner.java:429)<br />
              org.testng.SuiteRunner.runSequentially(SuiteRunner.java:423)<br />
              org.testng.SuiteRunner.privateRun(SuiteRunner.java:383)<br />
              org.testng.SuiteRunner.run(SuiteRunner.java:326)<br />
              org.testng.SuiteRunnerWorker.runSuite(SuiteRunnerWorker.java:52)<br />
              org.testng.SuiteRunnerWorker.run(SuiteRunnerWorker.java:95)<br />
              org.testng.TestNG.runSuitesSequentially(TestNG.java:1249)<br />
              org.testng.TestNG.runSuitesLocally(TestNG.java:1169)<br />
              org.testng.TestNG.runSuites(TestNG.java:1092)<br />
              org.testng.TestNG.run(TestNG.java:1060)<br />
              com.intellij.rt.testng.IDEARemoteTestNG.run(IDEARemoteTestNG.java:66)<br />
              com.intellij.rt.testng.RemoteTestNGStarter.main(RemoteTestNGStarter.java:109)<br />
                </div>
      </td>
</tr>
          <tr>
        <td colspan="3" class="group">com.tutorialsninja.testsuite.DesktopsPageTest</td>
      </tr>
            
<tr>
  <td class="method">
                  verifyProductAddedToShoppingCartSuccessFully
      </td>
  <td class="duration">
    0.000s
  </td>
  <td class="result">
        
    
        

        <a href="javascript:toggleElement('exception-4', 'block')" title="Click to expand/collapse"><b>java.lang.NullPointerException</b></a><br />
    <div class="stackTrace" id="exception-4">
              com.tutorialsninja.testsuite.DesktopsPageTest.verifyProductAddedToShoppingCartSuccessFully(DesktopsPageTest.java:56)<br />
              sun.reflect.NativeMethodAccessorImpl.invoke0(Native Method)<br />
              sun.reflect.NativeMethodAccessorImpl.invoke(NativeMethodAccessorImpl.java:62)<br />
              sun.reflect.DelegatingMethodAccessorImpl.invoke(DelegatingMethodAccessorImpl.java:43)<br />
              java.lang.reflect.Method.invoke(Method.java:498)<br />
              org.testng.internal.invokers.MethodInvocationHelper.invokeMethod(MethodInvocationHelper.java:135)<br />
              org.testng.internal.invokers.TestInvoker.invokeMethod(TestInvoker.java:673)<br />
              org.testng.internal.invokers.TestInvoker.invokeTestMethod(TestInvoker.java:220)<br />
              org.testng.internal.invokers.MethodRunner.runInSequence(MethodRunner.java:50)<br />
              org.testng.internal.invokers.TestInvoker$MethodInvocationAgent.invoke(TestInvoker.java:945)<br />
              org.testng.internal.invokers.TestInvoker.invokeTestMethods(TestInvoker.java:193)<br />
              org.testng.internal.invokers.TestMethodWorker.invokeTestMethods(TestMethodWorker.java:146)<br />
              org.testng.internal.invokers.TestMethodWorker.run(TestMethodWorker.java:128)<br />
              java.util.ArrayList.forEach(ArrayList.java:1257)<br />
              org.testng.TestRunner.privateRun(TestRunner.java:808)<br />
              org.testng.TestRunner.run(TestRunner.java:603)<br />
              org.testng.SuiteRunner.runTest(SuiteRunner.java:429)<br />
              org.testng.SuiteRunner.runSequentially(SuiteRunner.java:423)<br />
              org.testng.SuiteRunner.privateRun(SuiteRunner.java:383)<br />
              org.testng.SuiteRunner.run(SuiteRunner.java:326)<br />
              org.testng.SuiteRunnerWorker.runSuite(SuiteRunnerWorker.java:52)<br />
              org.testng.SuiteRunnerWorker.run(SuiteRunnerWorker.java:95)<br />
              org.testng.TestNG.runSuitesSequentially(TestNG.java:1249)<br />
              org.testng.TestNG.runSuitesLocally(TestNG.java:1169)<br />
              org.testng.TestNG.runSuites(TestNG.java:1092)<br />
              org.testng.TestNG.run(TestNG.java:1060)<br />
              com.intellij.rt.testng.IDEARemoteTestNG.run(IDEARemoteTestNG.java:66)<br />
              com.intellij.rt.testng.RemoteTestNGStarter.main(RemoteTestNGStarter.java:109)<br />
                </div>
      </td>
</tr>
<tr>
  <td class="method">
                  verifyProductArrangeInAlphabeticalOrder
      </td>
  <td class="duration">
    0.001s
  </td>
  <td class="result">
        
    
        

        <a href="javascript:toggleElement('exception-5', 'block')" title="Click to expand/collapse"><b>java.lang.NullPointerException</b></a><br />
    <div class="stackTrace" id="exception-5">
              com.tutorialsninja.testsuite.DesktopsPageTest.verifyProductArrangeInAlphabeticalOrder(DesktopsPageTest.java:40)<br />
              sun.reflect.NativeMethodAccessorImpl.invoke0(Native Method)<br />
              sun.reflect.NativeMethodAccessorImpl.invoke(NativeMethodAccessorImpl.java:62)<br />
              sun.reflect.DelegatingMethodAccessorImpl.invoke(DelegatingMethodAccessorImpl.java:43)<br />
              java.lang.reflect.Method.invoke(Method.java:498)<br />
              org.testng.internal.invokers.MethodInvocationHelper.invokeMethod(MethodInvocationHelper.java:135)<br />
              org.testng.internal.invokers.TestInvoker.invokeMethod(TestInvoker.java:673)<br />
              org.testng.internal.invokers.TestInvoker.invokeTestMethod(TestInvoker.java:220)<br />
              org.testng.internal.invokers.MethodRunner.runInSequence(MethodRunner.java:50)<br />
              org.testng.internal.invokers.TestInvoker$MethodInvocationAgent.invoke(TestInvoker.java:945)<br />
              org.testng.internal.invokers.TestInvoker.invokeTestMethods(TestInvoker.java:193)<br />
              org.testng.internal.invokers.TestMethodWorker.invokeTestMethods(TestMethodWorker.java:146)<br />
              org.testng.internal.invokers.TestMethodWorker.run(TestMethodWorker.java:128)<br />
              java.util.ArrayList.forEach(ArrayList.java:1257)<br />
              org.testng.TestRunner.privateRun(TestRunner.java:808)<br />
              org.testng.TestRunner.run(TestRunner.java:603)<br />
              org.testng.SuiteRunner.runTest(SuiteRunner.java:429)<br />
              org.testng.SuiteRunner.runSequentially(SuiteRunner.java:423)<br />
              org.testng.SuiteRunner.privateRun(SuiteRunner.java:383)<br />
              org.testng.SuiteRunner.run(SuiteRunner.java:326)<br />
              org.testng.SuiteRunnerWorker.runSuite(SuiteRunnerWorker.java:52)<br />
              org.testng.SuiteRunnerWorker.run(SuiteRunnerWorker.java:95)<br />
              org.testng.TestNG.runSuitesSequentially(TestNG.java:1249)<br />
              org.testng.TestNG.runSuitesLocally(TestNG.java:1169)<br />
              org.testng.TestNG.runSuites(TestNG.java:1092)<br />
              org.testng.TestNG.run(TestNG.java:1060)<br />
              com.intellij.rt.testng.IDEARemoteTestNG.run(IDEARemoteTestNG.java:66)<br />
              com.intellij.rt.testng.RemoteTestNGStarter.main(RemoteTestNGStarter.java:109)<br />
                </div>
      </td>
</tr>
          <tr>
        <td colspan="3" class="group">com.tutorialsninja.testsuite.LaptopsAndNotebooksPageTest</td>
      </tr>
            
<tr>
  <td class="method">
                  verifyProductsPriceDisplayHighToLowSuccessfully
      </td>
  <td class="duration">
    0.001s
  </td>
  <td class="result">
        
    
        

        <a href="javascript:toggleElement('exception-6', 'block')" title="Click to expand/collapse"><b>java.lang.NullPointerException</b></a><br />
    <div class="stackTrace" id="exception-6">
              com.tutorialsninja.utility.Utility.clickOnElement(Utility.java:50)<br />
              com.tutorialsninja.pages.HomePage.selectCurrency(HomePage.java:89)<br />
              com.tutorialsninja.testsuite.LaptopsAndNotebooksPageTest.verifyProductsPriceDisplayHighToLowSuccessfully(LaptopsAndNotebooksPageTest.java:37)<br />
              sun.reflect.NativeMethodAccessorImpl.invoke0(Native Method)<br />
              sun.reflect.NativeMethodAccessorImpl.invoke(NativeMethodAccessorImpl.java:62)<br />
              sun.reflect.DelegatingMethodAccessorImpl.invoke(DelegatingMethodAccessorImpl.java:43)<br />
              java.lang.reflect.Method.invoke(Method.java:498)<br />
              org.testng.internal.invokers.MethodInvocationHelper.invokeMethod(MethodInvocationHelper.java:135)<br />
              org.testng.internal.invokers.TestInvoker.invokeMethod(TestInvoker.java:673)<br />
              org.testng.internal.invokers.TestInvoker.invokeTestMethod(TestInvoker.java:220)<br />
              org.testng.internal.invokers.MethodRunner.runInSequence(MethodRunner.java:50)<br />
              org.testng.internal.invokers.TestInvoker$MethodInvocationAgent.invoke(TestInvoker.java:945)<br />
              org.testng.internal.invokers.TestInvoker.invokeTestMethods(TestInvoker.java:193)<br />
              org.testng.internal.invokers.TestMethodWorker.invokeTestMethods(TestMethodWorker.java:146)<br />
              org.testng.internal.invokers.TestMethodWorker.run(TestMethodWorker.java:128)<br />
              java.util.ArrayList.forEach(ArrayList.java:1257)<br />
              org.testng.TestRunner.privateRun(TestRunner.java:808)<br />
              org.testng.TestRunner.run(TestRunner.java:603)<br />
              org.testng.SuiteRunner.runTest(SuiteRunner.java:429)<br />
              org.testng.SuiteRunner.runSequentially(SuiteRunner.java:423)<br />
              org.testng.SuiteRunner.privateRun(SuiteRunner.java:383)<br />
              org.testng.SuiteRunner.run(SuiteRunner.java:326)<br />
              org.testng.SuiteRunnerWorker.runSuite(SuiteRunnerWorker.java:52)<br />
              org.testng.SuiteRunnerWorker.run(SuiteRunnerWorker.java:95)<br />
              org.testng.TestNG.runSuitesSequentially(TestNG.java:1249)<br />
              org.testng.TestNG.runSuitesLocally(TestNG.java:1169)<br />
              org.testng.TestNG.runSuites(TestNG.java:1092)<br />
              org.testng.TestNG.run(TestNG.java:1060)<br />
              com.intellij.rt.testng.IDEARemoteTestNG.run(IDEARemoteTestNG.java:66)<br />
              com.intellij.rt.testng.RemoteTestNGStarter.main(RemoteTestNGStarter.java:109)<br />
                </div>
      </td>
</tr>
<tr>
  <td class="method">
                  verifyThatUserPlaceOrderSuccessfully
      </td>
  <td class="duration">
    0.001s
  </td>
  <td class="result">
        
    
        

        <a href="javascript:toggleElement('exception-7', 'block')" title="Click to expand/collapse"><b>java.lang.NullPointerException</b></a><br />
    <div class="stackTrace" id="exception-7">
              com.tutorialsninja.utility.Utility.clickOnElement(Utility.java:50)<br />
              com.tutorialsninja.pages.HomePage.selectCurrency(HomePage.java:89)<br />
              com.tutorialsninja.testsuite.LaptopsAndNotebooksPageTest.verifyThatUserPlaceOrderSuccessfully(LaptopsAndNotebooksPageTest.java:53)<br />
              sun.reflect.NativeMethodAccessorImpl.invoke0(Native Method)<br />
              sun.reflect.NativeMethodAccessorImpl.invoke(NativeMethodAccessorImpl.java:62)<br />
              sun.reflect.DelegatingMethodAccessorImpl.invoke(DelegatingMethodAccessorImpl.java:43)<br />
              java.lang.reflect.Method.invoke(Method.java:498)<br />
              org.testng.internal.invokers.MethodInvocationHelper.invokeMethod(MethodInvocationHelper.java:135)<br />
              org.testng.internal.invokers.TestInvoker.invokeMethod(TestInvoker.java:673)<br />
              org.testng.internal.invokers.TestInvoker.invokeTestMethod(TestInvoker.java:220)<br />
              org.testng.internal.invokers.MethodRunner.runInSequence(MethodRunner.java:50)<br />
              org.testng.internal.invokers.TestInvoker$MethodInvocationAgent.invoke(TestInvoker.java:945)<br />
              org.testng.internal.invokers.TestInvoker.invokeTestMethods(TestInvoker.java:193)<br />
              org.testng.internal.invokers.TestMethodWorker.invokeTestMethods(TestMethodWorker.java:146)<br />
              org.testng.internal.invokers.TestMethodWorker.run(TestMethodWorker.java:128)<br />
              java.util.ArrayList.forEach(ArrayList.java:1257)<br />
              org.testng.TestRunner.privateRun(TestRunner.java:808)<br />
              org.testng.TestRunner.run(TestRunner.java:603)<br />
              org.testng.SuiteRunner.runTest(SuiteRunner.java:429)<br />
              org.testng.SuiteRunner.runSequentially(SuiteRunner.java:423)<br />
              org.testng.SuiteRunner.privateRun(SuiteRunner.java:383)<br />
              org.testng.SuiteRunner.run(SuiteRunner.java:326)<br />
              org.testng.SuiteRunnerWorker.runSuite(SuiteRunnerWorker.java:52)<br />
              org.testng.SuiteRunnerWorker.run(SuiteRunnerWorker.java:95)<br />
              org.testng.TestNG.runSuitesSequentially(TestNG.java:1249)<br />
              org.testng.TestNG.runSuitesLocally(TestNG.java:1169)<br />
              org.testng.TestNG.runSuites(TestNG.java:1092)<br />
              org.testng.TestNG.run(TestNG.java:1060)<br />
              com.intellij.rt.testng.IDEARemoteTestNG.run(IDEARemoteTestNG.java:66)<br />
              com.intellij.rt.testng.RemoteTestNGStarter.main(RemoteTestNGStarter.java:109)<br />
                </div>
      </td>
</tr>
          <tr>
        <td colspan="3" class="group">com.tutorialsninja.testsuite.TopMenuTest</td>
      </tr>
            
<tr>
  <td class="method">
                  verifyUserShouldNavigateToComponentsPageSuccessfully
      </td>
  <td class="duration">
    0.007s
  </td>
  <td class="result">
        
    
        

        <a href="javascript:toggleElement('exception-8', 'block')" title="Click to expand/collapse"><b>java.lang.IllegalArgumentException: Element must be set</b></a><br />
    <div class="stackTrace" id="exception-8">
              org.openqa.selenium.internal.Require.nonNull(Require.java:59)<br />
              org.openqa.selenium.interactions.PointerInput$Origin.fromElement(PointerInput.java:278)<br />
              org.openqa.selenium.interactions.Actions.moveInTicks(Actions.java:342)<br />
              org.openqa.selenium.interactions.Actions.moveToElement(Actions.java:323)<br />
              com.tutorialsninja.utility.Utility.mouseHoverToElementAndClick(Utility.java:248)<br />
              com.tutorialsninja.pages.HomePage.mouseHoverOnComponentLinkAndClick(HomePage.java:85)<br />
              com.tutorialsninja.testsuite.TopMenuTest.verifyUserShouldNavigateToComponentsPageSuccessfully(TopMenuTest.java:47)<br />
              sun.reflect.NativeMethodAccessorImpl.invoke0(Native Method)<br />
              sun.reflect.NativeMethodAccessorImpl.invoke(NativeMethodAccessorImpl.java:62)<br />
              sun.reflect.DelegatingMethodAccessorImpl.invoke(DelegatingMethodAccessorImpl.java:43)<br />
              java.lang.reflect.Method.invoke(Method.java:498)<br />
              org.testng.internal.invokers.MethodInvocationHelper.invokeMethod(MethodInvocationHelper.java:135)<br />
              org.testng.internal.invokers.TestInvoker.invokeMethod(TestInvoker.java:673)<br />
              org.testng.internal.invokers.TestInvoker.invokeTestMethod(TestInvoker.java:220)<br />
              org.testng.internal.invokers.MethodRunner.runInSequence(MethodRunner.java:50)<br />
              org.testng.internal.invokers.TestInvoker$MethodInvocationAgent.invoke(TestInvoker.java:945)<br />
              org.testng.internal.invokers.TestInvoker.invokeTestMethods(TestInvoker.java:193)<br />
              org.testng.internal.invokers.TestMethodWorker.invokeTestMethods(TestMethodWorker.java:146)<br />
              org.testng.internal.invokers.TestMethodWorker.run(TestMethodWorker.java:128)<br />
              java.util.ArrayList.forEach(ArrayList.java:1257)<br />
              org.testng.TestRunner.privateRun(TestRunner.java:808)<br />
              org.testng.TestRunner.run(TestRunner.java:603)<br />
              org.testng.SuiteRunner.runTest(SuiteRunner.java:429)<br />
              org.testng.SuiteRunner.runSequentially(SuiteRunner.java:423)<br />
              org.testng.SuiteRunner.privateRun(SuiteRunner.java:383)<br />
              org.testng.SuiteRunner.run(SuiteRunner.java:326)<br />
              org.testng.SuiteRunnerWorker.runSuite(SuiteRunnerWorker.java:52)<br />
              org.testng.SuiteRunnerWorker.run(SuiteRunnerWorker.java:95)<br />
              org.testng.TestNG.runSuitesSequentially(TestNG.java:1249)<br />
              org.testng.TestNG.runSuitesLocally(TestNG.java:1169)<br />
              org.testng.TestNG.runSuites(TestNG.java:1092)<br />
              org.testng.TestNG.run(TestNG.java:1060)<br />
              com.intellij.rt.testng.IDEARemoteTestNG.run(IDEARemoteTestNG.java:66)<br />
              com.intellij.rt.testng.RemoteTestNGStarter.main(RemoteTestNGStarter.java:109)<br />
                </div>
      </td>
</tr>
<tr>
  <td class="method">
                  verifyUserShouldNavigateToDesktopsPageSuccessfully
      </td>
  <td class="duration">
    0.001s
  </td>
  <td class="result">
        
    
        

        <a href="javascript:toggleElement('exception-9', 'block')" title="Click to expand/collapse"><b>java.lang.IllegalArgumentException: Element must be set</b></a><br />
    <div class="stackTrace" id="exception-9">
              org.openqa.selenium.internal.Require.nonNull(Require.java:59)<br />
              org.openqa.selenium.interactions.PointerInput$Origin.fromElement(PointerInput.java:278)<br />
              org.openqa.selenium.interactions.Actions.moveInTicks(Actions.java:342)<br />
              org.openqa.selenium.interactions.Actions.moveToElement(Actions.java:323)<br />
              com.tutorialsninja.utility.Utility.mouseHoverToElementAndClick(Utility.java:248)<br />
              com.tutorialsninja.pages.HomePage.mouseHoverOnDesktopsLinkAndClick(HomePage.java:77)<br />
              com.tutorialsninja.testsuite.TopMenuTest.verifyUserShouldNavigateToDesktopsPageSuccessfully(TopMenuTest.java:30)<br />
              sun.reflect.NativeMethodAccessorImpl.invoke0(Native Method)<br />
              sun.reflect.NativeMethodAccessorImpl.invoke(NativeMethodAccessorImpl.java:62)<br />
              sun.reflect.DelegatingMethodAccessorImpl.invoke(DelegatingMethodAccessorImpl.java:43)<br />
              java.lang.reflect.Method.invoke(Method.java:498)<br />
              org.testng.internal.invokers.MethodInvocationHelper.invokeMethod(MethodInvocationHelper.java:135)<br />
              org.testng.internal.invokers.TestInvoker.invokeMethod(TestInvoker.java:673)<br />
              org.testng.internal.invokers.TestInvoker.invokeTestMethod(TestInvoker.java:220)<br />
              org.testng.internal.invokers.MethodRunner.runInSequence(MethodRunner.java:50)<br />
              org.testng.internal.invokers.TestInvoker$MethodInvocationAgent.invoke(TestInvoker.java:945)<br />
              org.testng.internal.invokers.TestInvoker.invokeTestMethods(TestInvoker.java:193)<br />
              org.testng.internal.invokers.TestMethodWorker.invokeTestMethods(TestMethodWorker.java:146)<br />
              org.testng.internal.invokers.TestMethodWorker.run(TestMethodWorker.java:128)<br />
              java.util.ArrayList.forEach(ArrayList.java:1257)<br />
              org.testng.TestRunner.privateRun(TestRunner.java:808)<br />
              org.testng.TestRunner.run(TestRunner.java:603)<br />
              org.testng.SuiteRunner.runTest(SuiteRunner.java:429)<br />
              org.testng.SuiteRunner.runSequentially(SuiteRunner.java:423)<br />
              org.testng.SuiteRunner.privateRun(SuiteRunner.java:383)<br />
              org.testng.SuiteRunner.run(SuiteRunner.java:326)<br />
              org.testng.SuiteRunnerWorker.runSuite(SuiteRunnerWorker.java:52)<br />
              org.testng.SuiteRunnerWorker.run(SuiteRunnerWorker.java:95)<br />
              org.testng.TestNG.runSuitesSequentially(TestNG.java:1249)<br />
              org.testng.TestNG.runSuitesLocally(TestNG.java:1169)<br />
              org.testng.TestNG.runSuites(TestNG.java:1092)<br />
              org.testng.TestNG.run(TestNG.java:1060)<br />
              com.intellij.rt.testng.IDEARemoteTestNG.run(IDEARemoteTestNG.java:66)<br />
              com.intellij.rt.testng.RemoteTestNGStarter.main(RemoteTestNGStarter.java:109)<br />
                </div>
      </td>
</tr>
<tr>
  <td class="method">
                  verifyUserShouldNavigateToLaptopsAndNotebooksPageSuccessfully
      </td>
  <td class="duration">
    0.000s
  </td>
  <td class="result">
        
    
        

        <a href="javascript:toggleElement('exception-10', 'block')" title="Click to expand/collapse"><b>java.lang.IllegalArgumentException: Element must be set</b></a><br />
    <div class="stackTrace" id="exception-10">
              org.openqa.selenium.internal.Require.nonNull(Require.java:59)<br />
              org.openqa.selenium.interactions.PointerInput$Origin.fromElement(PointerInput.java:278)<br />
              org.openqa.selenium.interactions.Actions.moveInTicks(Actions.java:342)<br />
              org.openqa.selenium.interactions.Actions.moveToElement(Actions.java:323)<br />
              com.tutorialsninja.utility.Utility.mouseHoverToElementAndClick(Utility.java:248)<br />
              com.tutorialsninja.pages.HomePage.mouseHoverOnLaptopsAndNotebooksLinkAndClick(HomePage.java:81)<br />
              com.tutorialsninja.testsuite.TopMenuTest.verifyUserShouldNavigateToLaptopsAndNotebooksPageSuccessfully(TopMenuTest.java:39)<br />
              sun.reflect.NativeMethodAccessorImpl.invoke0(Native Method)<br />
              sun.reflect.NativeMethodAccessorImpl.invoke(NativeMethodAccessorImpl.java:62)<br />
              sun.reflect.DelegatingMethodAccessorImpl.invoke(DelegatingMethodAccessorImpl.java:43)<br />
              java.lang.reflect.Method.invoke(Method.java:498)<br />
              org.testng.internal.invokers.MethodInvocationHelper.invokeMethod(MethodInvocationHelper.java:135)<br />
              org.testng.internal.invokers.TestInvoker.invokeMethod(TestInvoker.java:673)<br />
              org.testng.internal.invokers.TestInvoker.invokeTestMethod(TestInvoker.java:220)<br />
              org.testng.internal.invokers.MethodRunner.runInSequence(MethodRunner.java:50)<br />
              org.testng.internal.invokers.TestInvoker$MethodInvocationAgent.invoke(TestInvoker.java:945)<br />
              org.testng.internal.invokers.TestInvoker.invokeTestMethods(TestInvoker.java:193)<br />
              org.testng.internal.invokers.TestMethodWorker.invokeTestMethods(TestMethodWorker.java:146)<br />
              org.testng.internal.invokers.TestMethodWorker.run(TestMethodWorker.java:128)<br />
              java.util.ArrayList.forEach(ArrayList.java:1257)<br />
              org.testng.TestRunner.privateRun(TestRunner.java:808)<br />
              org.testng.TestRunner.run(TestRunner.java:603)<br />
              org.testng.SuiteRunner.runTest(SuiteRunner.java:429)<br />
              org.testng.SuiteRunner.runSequentially(SuiteRunner.java:423)<br />
              org.testng.SuiteRunner.privateRun(SuiteRunner.java:383)<br />
              org.testng.SuiteRunner.run(SuiteRunner.java:326)<br />
              org.testng.SuiteRunnerWorker.runSuite(SuiteRunnerWorker.java:52)<br />
              org.testng.SuiteRunnerWorker.run(SuiteRunnerWorker.java:95)<br />
              org.testng.TestNG.runSuitesSequentially(TestNG.java:1249)<br />
              org.testng.TestNG.runSuitesLocally(TestNG.java:1169)<br />
              org.testng.TestNG.runSuites(TestNG.java:1092)<br />
              org.testng.TestNG.run(TestNG.java:1060)<br />
              com.intellij.rt.testng.IDEARemoteTestNG.run(IDEARemoteTestNG.java:66)<br />
              com.intellij.rt.testng.RemoteTestNGStarter.main(RemoteTestNGStarter.java:109)<br />
                </div>
      </td>
</tr>
      </table>


  
</body>
</html>
