<!DOCTYPE html PUBLIC "-//W3C//DTD XHTML 1.1//EN" "https://www.w3.org/TR/xhtml11/DTD/xhtml11.dtd">
<html xmlns="https://www.w3.org/1999/xhtml">
<head>
<meta http-equiv="content-type" content="text/html; charset=UTF-8"/>
<title>TestNG Report</title>
<style type="text/css">table {margin-bottom:10px;border-collapse:collapse;empty-cells:show}th,td {border:1px solid #009;padding:.25em .5em}th {vertical-align:bottom}td {vertical-align:top}table a {font-weight:bold}.stripe td {background-color: #E6EBF9}.num {text-align:right}.passedodd td {background-color: #3F3}.passedeven td {background-color: #0A0}.skippedodd td {background-color: #DDD}.skippedeven td {background-color: #CCC}.failedodd td,.attn {background-color: #F33}.failedeven td,.stripe .attn {background-color: #D00}.stacktrace {white-space:pre;font-family:monospace}.totop {font-size:85%;text-align:center;border-bottom:2px solid #000}.invisible {display:none}</style>
</head>
<body>
<table>
<tr><th>Test</th><th># Passed</th><th># Skipped</th><th># Retried</th><th># Failed</th><th>Time (ms)</th><th>Included Groups</th><th>Excluded Groups</th></tr>
<tr><th colspan="8">Regression suite</th></tr>
<tr><td><a href="#t0">Regression Test</a></td><td class="num">0</td><td class="num">0</td><td class="num">0</td><td class="num attn">11</td><td class="num">52,834</td><td>regression</td><td></td></tr>
</table>
<table id='summary'><thead><tr><th>Class</th><th>Method</th><th>Start</th><th>Time (ms)</th></tr></thead><tbody><tr><th colspan="4">Regression suite</th></tr></tbody><tbody id="t0"><tr><th colspan="4">Regression Test &#8212; failed</th></tr><tr class="failedeven"><td rowspan="2">com.tutorialsninja.testsuite.AccountLoginPageTest</td><td><a href="#m0">verifyThatUserShouldLoginAndLogoutSuccessfully</a></td><td rowspan="1">1670974161050</td><td rowspan="1">19</td></tr><tr class="failedeven"><td><a href="#m1">verifyUserShouldNavigateToLoginPageSuccessfully</a></td><td rowspan="1">1670974165564</td><td rowspan="1">0</td></tr><tr class="failedodd"><td rowspan="2">com.tutorialsninja.testsuite.AccountRegisterPageTest</td><td><a href="#m2">verifyThatUserShouldLoginAndLogoutSuccessfully</a></td><td rowspan="1">1670974170158</td><td rowspan="1">0</td></tr><tr class="failedodd"><td><a href="#m3">verifyUserShouldNavigateToLoginPageSuccessfully</a></td><td rowspan="1">1670974174653</td><td rowspan="1">1</td></tr><tr class="failedeven"><td rowspan="2">com.tutorialsninja.testsuite.DesktopsPageTest</td><td><a href="#m4">verifyProductAddedToShoppingCartSuccessFully</a></td><td rowspan="1">1670974179463</td><td rowspan="1">0</td></tr><tr class="failedeven"><td><a href="#m5">verifyProductArrangeInAlphabeticalOrder</a></td><td rowspan="1">1670974183870</td><td rowspan="1">1</td></tr><tr class="failedodd"><td rowspan="2">com.tutorialsninja.testsuite.LaptopsAndNotebooksPageTest</td><td><a href="#m6">verifyProductsPriceDisplayHighToLowSuccessfully</a></td><td rowspan="1">1670974188441</td><td rowspan="1">1</td></tr><tr class="failedodd"><td><a href="#m7">verifyThatUserPlaceOrderSuccessfully</a></td><td rowspan="1">1670974193388</td><td rowspan="1">1</td></tr><tr class="failedeven"><td rowspan="3">com.tutorialsninja.testsuite.TopMenuTest</td><td><a href="#m8">verifyUserShouldNavigateToComponentsPageSuccessfully</a></td><td rowspan="1">1670974198201</td><td rowspan="1">7</td></tr><tr class="failedeven"><td><a href="#m9">verifyUserShouldNavigateToDesktopsPageSuccessfully</a></td><td rowspan="1">1670974202919</td><td rowspan="1">1</td></tr><tr class="failedeven"><td><a href="#m10">verifyUserShouldNavigateToLaptopsAndNotebooksPageSuccessfully</a></td><td rowspan="1">1670974207577</td><td rowspan="1">0</td></tr></tbody>
</table>
<h2>Regression Test</h2><h3 id="m0">com.tutorialsninja.testsuite.AccountLoginPageTest#verifyThatUserShouldLoginAndLogoutSuccessfully</h3><table class="result"><tr><th>Exception</th></tr><tr><td><div class="stacktrace">java.lang.NullPointerException
	at com.tutorialsninja.utility.Utility.clickOnElement(Utility.java:50)
	at com.tutorialsninja.pages.HomePage.clickOnMyQAccountTab(HomePage.java:100)
	at com.tutorialsninja.testsuite.AccountLoginPageTest.verifyThatUserShouldLoginAndLogoutSuccessfully(AccountLoginPageTest.java:37)
	at java.util.ArrayList.forEach(ArrayList.java:1257)
	at com.intellij.rt.testng.IDEARemoteTestNG.run(IDEARemoteTestNG.java:66)
	at com.intellij.rt.testng.RemoteTestNGStarter.main(RemoteTestNGStarter.java:109)
... Removed 24 stack frames</div></td></tr></table><p class="totop"><a href="#summary">back to summary</a></p>
<h3 id="m1">com.tutorialsninja.testsuite.AccountLoginPageTest#verifyUserShouldNavigateToLoginPageSuccessfully</h3><table class="result"><tr><th>Exception</th></tr><tr><td><div class="stacktrace">java.lang.NullPointerException
	at com.tutorialsninja.utility.Utility.clickOnElement(Utility.java:50)
	at com.tutorialsninja.pages.HomePage.clickOnMyQAccountTab(HomePage.java:100)
	at com.tutorialsninja.testsuite.AccountLoginPageTest.verifyUserShouldNavigateToLoginPageSuccessfully(AccountLoginPageTest.java:29)
	at java.util.ArrayList.forEach(ArrayList.java:1257)
	at com.intellij.rt.testng.IDEARemoteTestNG.run(IDEARemoteTestNG.java:66)
	at com.intellij.rt.testng.RemoteTestNGStarter.main(RemoteTestNGStarter.java:109)
... Removed 24 stack frames</div></td></tr></table><p class="totop"><a href="#summary">back to summary</a></p>
<h3 id="m2">com.tutorialsninja.testsuite.AccountRegisterPageTest#verifyThatUserShouldLoginAndLogoutSuccessfully</h3><table class="result"><tr><th>Exception</th></tr><tr><td><div class="stacktrace">java.lang.NullPointerException
	at com.tutorialsninja.utility.Utility.clickOnElement(Utility.java:50)
	at com.tutorialsninja.pages.HomePage.clickOnMyQAccountTab(HomePage.java:100)
	at com.tutorialsninja.testsuite.AccountRegisterPageTest.verifyThatUserShouldLoginAndLogoutSuccessfully(AccountRegisterPageTest.java:35)
	at java.util.ArrayList.forEach(ArrayList.java:1257)
	at com.intellij.rt.testng.IDEARemoteTestNG.run(IDEARemoteTestNG.java:66)
	at com.intellij.rt.testng.RemoteTestNGStarter.main(RemoteTestNGStarter.java:109)
... Removed 24 stack frames</div></td></tr></table><p class="totop"><a href="#summary">back to summary</a></p>
<h3 id="m3">com.tutorialsninja.testsuite.AccountRegisterPageTest#verifyUserShouldNavigateToLoginPageSuccessfully</h3><table class="result"><tr><th>Exception</th></tr><tr><td><div class="stacktrace">java.lang.NullPointerException
	at com.tutorialsninja.utility.Utility.clickOnElement(Utility.java:50)
	at com.tutorialsninja.pages.HomePage.clickOnMyQAccountTab(HomePage.java:100)
	at com.tutorialsninja.testsuite.AccountRegisterPageTest.verifyUserShouldNavigateToLoginPageSuccessfully(AccountRegisterPageTest.java:27)
	at java.util.ArrayList.forEach(ArrayList.java:1257)
	at com.intellij.rt.testng.IDEARemoteTestNG.run(IDEARemoteTestNG.java:66)
	at com.intellij.rt.testng.RemoteTestNGStarter.main(RemoteTestNGStarter.java:109)
... Removed 24 stack frames</div></td></tr></table><p class="totop"><a href="#summary">back to summary</a></p>
<h3 id="m4">com.tutorialsninja.testsuite.DesktopsPageTest#verifyProductAddedToShoppingCartSuccessFully</h3><table class="result"><tr><th>Exception</th></tr><tr><td><div class="stacktrace">java.lang.NullPointerException
	at com.tutorialsninja.testsuite.DesktopsPageTest.verifyProductAddedToShoppingCartSuccessFully(DesktopsPageTest.java:56)
	at java.util.ArrayList.forEach(ArrayList.java:1257)
	at com.intellij.rt.testng.IDEARemoteTestNG.run(IDEARemoteTestNG.java:66)
	at com.intellij.rt.testng.RemoteTestNGStarter.main(RemoteTestNGStarter.java:109)
... Removed 24 stack frames</div></td></tr></table><p class="totop"><a href="#summary">back to summary</a></p>
<h3 id="m5">com.tutorialsninja.testsuite.DesktopsPageTest#verifyProductArrangeInAlphabeticalOrder</h3><table class="result"><tr><th>Exception</th></tr><tr><td><div class="stacktrace">java.lang.NullPointerException
	at com.tutorialsninja.testsuite.DesktopsPageTest.verifyProductArrangeInAlphabeticalOrder(DesktopsPageTest.java:40)
	at java.util.ArrayList.forEach(ArrayList.java:1257)
	at com.intellij.rt.testng.IDEARemoteTestNG.run(IDEARemoteTestNG.java:66)
	at com.intellij.rt.testng.RemoteTestNGStarter.main(RemoteTestNGStarter.java:109)
... Removed 24 stack frames</div></td></tr></table><p class="totop"><a href="#summary">back to summary</a></p>
<h3 id="m6">com.tutorialsninja.testsuite.LaptopsAndNotebooksPageTest#verifyProductsPriceDisplayHighToLowSuccessfully</h3><table class="result"><tr><th>Exception</th></tr><tr><td><div class="stacktrace">java.lang.NullPointerException
	at com.tutorialsninja.utility.Utility.clickOnElement(Utility.java:50)
	at com.tutorialsninja.pages.HomePage.selectCurrency(HomePage.java:89)
	at com.tutorialsninja.testsuite.LaptopsAndNotebooksPageTest.verifyProductsPriceDisplayHighToLowSuccessfully(LaptopsAndNotebooksPageTest.java:37)
	at java.util.ArrayList.forEach(ArrayList.java:1257)
	at com.intellij.rt.testng.IDEARemoteTestNG.run(IDEARemoteTestNG.java:66)
	at com.intellij.rt.testng.RemoteTestNGStarter.main(RemoteTestNGStarter.java:109)
... Removed 24 stack frames</div></td></tr></table><p class="totop"><a href="#summary">back to summary</a></p>
<h3 id="m7">com.tutorialsninja.testsuite.LaptopsAndNotebooksPageTest#verifyThatUserPlaceOrderSuccessfully</h3><table class="result"><tr><th>Exception</th></tr><tr><td><div class="stacktrace">java.lang.NullPointerException
	at com.tutorialsninja.utility.Utility.clickOnElement(Utility.java:50)
	at com.tutorialsninja.pages.HomePage.selectCurrency(HomePage.java:89)
	at com.tutorialsninja.testsuite.LaptopsAndNotebooksPageTest.verifyThatUserPlaceOrderSuccessfully(LaptopsAndNotebooksPageTest.java:53)
	at java.util.ArrayList.forEach(ArrayList.java:1257)
	at com.intellij.rt.testng.IDEARemoteTestNG.run(IDEARemoteTestNG.java:66)
	at com.intellij.rt.testng.RemoteTestNGStarter.main(RemoteTestNGStarter.java:109)
... Removed 24 stack frames</div></td></tr></table><p class="totop"><a href="#summary">back to summary</a></p>
<h3 id="m8">com.tutorialsninja.testsuite.TopMenuTest#verifyUserShouldNavigateToComponentsPageSuccessfully</h3><table class="result"><tr><th>Exception</th></tr><tr><td><div class="stacktrace">java.lang.IllegalArgumentException: Element must be set
	at org.openqa.selenium.internal.Require.nonNull(Require.java:59)
	at org.openqa.selenium.interactions.PointerInput$Origin.fromElement(PointerInput.java:278)
	at org.openqa.selenium.interactions.Actions.moveInTicks(Actions.java:342)
	at org.openqa.selenium.interactions.Actions.moveToElement(Actions.java:323)
	at com.tutorialsninja.utility.Utility.mouseHoverToElementAndClick(Utility.java:248)
	at com.tutorialsninja.pages.HomePage.mouseHoverOnComponentLinkAndClick(HomePage.java:85)
	at com.tutorialsninja.testsuite.TopMenuTest.verifyUserShouldNavigateToComponentsPageSuccessfully(TopMenuTest.java:47)
	at java.util.ArrayList.forEach(ArrayList.java:1257)
	at com.intellij.rt.testng.IDEARemoteTestNG.run(IDEARemoteTestNG.java:66)
	at com.intellij.rt.testng.RemoteTestNGStarter.main(RemoteTestNGStarter.java:109)
... Removed 24 stack frames</div></td></tr></table><p class="totop"><a href="#summary">back to summary</a></p>
<h3 id="m9">com.tutorialsninja.testsuite.TopMenuTest#verifyUserShouldNavigateToDesktopsPageSuccessfully</h3><table class="result"><tr><th>Exception</th></tr><tr><td><div class="stacktrace">java.lang.IllegalArgumentException: Element must be set
	at org.openqa.selenium.internal.Require.nonNull(Require.java:59)
	at org.openqa.selenium.interactions.PointerInput$Origin.fromElement(PointerInput.java:278)
	at org.openqa.selenium.interactions.Actions.moveInTicks(Actions.java:342)
	at org.openqa.selenium.interactions.Actions.moveToElement(Actions.java:323)
	at com.tutorialsninja.utility.Utility.mouseHoverToElementAndClick(Utility.java:248)
	at com.tutorialsninja.pages.HomePage.mouseHoverOnDesktopsLinkAndClick(HomePage.java:77)
	at com.tutorialsninja.testsuite.TopMenuTest.verifyUserShouldNavigateToDesktopsPageSuccessfully(TopMenuTest.java:30)
	at java.util.ArrayList.forEach(ArrayList.java:1257)
	at com.intellij.rt.testng.IDEARemoteTestNG.run(IDEARemoteTestNG.java:66)
	at com.intellij.rt.testng.RemoteTestNGStarter.main(RemoteTestNGStarter.java:109)
... Removed 24 stack frames</div></td></tr></table><p class="totop"><a href="#summary">back to summary</a></p>
<h3 id="m10">com.tutorialsninja.testsuite.TopMenuTest#verifyUserShouldNavigateToLaptopsAndNotebooksPageSuccessfully</h3><table class="result"><tr><th>Exception</th></tr><tr><td><div class="stacktrace">java.lang.IllegalArgumentException: Element must be set
	at org.openqa.selenium.internal.Require.nonNull(Require.java:59)
	at org.openqa.selenium.interactions.PointerInput$Origin.fromElement(PointerInput.java:278)
	at org.openqa.selenium.interactions.Actions.moveInTicks(Actions.java:342)
	at org.openqa.selenium.interactions.Actions.moveToElement(Actions.java:323)
	at com.tutorialsninja.utility.Utility.mouseHoverToElementAndClick(Utility.java:248)
	at com.tutorialsninja.pages.HomePage.mouseHoverOnLaptopsAndNotebooksLinkAndClick(HomePage.java:81)
	at com.tutorialsninja.testsuite.TopMenuTest.verifyUserShouldNavigateToLaptopsAndNotebooksPageSuccessfully(TopMenuTest.java:39)
	at java.util.ArrayList.forEach(ArrayList.java:1257)
	at com.intellij.rt.testng.IDEARemoteTestNG.run(IDEARemoteTestNG.java:66)
	at com.intellij.rt.testng.RemoteTestNGStarter.main(RemoteTestNGStarter.java:109)
... Removed 24 stack frames</div></td></tr></table><p class="totop"><a href="#summary">back to summary</a></p>
</body>
</html>
